<?xml version="1.0" encoding="UTF-8"?>
<testsuite name="AppTest" tests="1" skipped="0" failures="0" errors="0" timestamp="2019-08-30T13:15:51" hostname="Jaskooners-MBP.lan" time="12.456">
  <properties/>
  <testcase name="givenClient1_whenServerResponds_thenCorrect" classname="AppTest" time="12.456"/>
  <system-out><![CDATA[]]></system-out>
  <system-err><![CDATA[Aug 30, 2019 2:15:51 PM com.scooter.printserver.SocketClient <init>
INFO: socketclient init
Aug 30, 2019 2:16:03 PM com.scooter.printserver.SocketClient sendFile
WARNING: null
]]></system-err>
</testsuite>
